<?xml version="1.0" encoding="UTF-8"?>
<!-- Generated by org.testng.reporters.JUnitXMLReporter -->
<testsuite hostname="Ningappas-MBP.bbrouter" ignored="0" name="Test" tests="5" failures="0" timestamp="2022-06-23T18:50:55 IST" time="30.359" errors="0">
  <testcase name="createBoardTest" time="3.867" classname="com.trello.qa.testcases.BoardWindowPageTest"/>
  <testcase name="addCardTest" time="1.493" classname="com.trello.qa.testcases.BoardWindowPageTest"/>
  <testcase name="archiveListTest" time="0.901" classname="com.trello.qa.testcases.BoardWindowPageTest"/>
  <testcase name="createListTest" time="1.036" classname="com.trello.qa.testcases.BoardWindowPageTest"/>
  <testcase name="moveCardTest" time="2.657" classname="com.trello.qa.testcases.BoardWindowPageTest"/>
</testsuite> <!-- Test -->
