<?xml version="1.0" encoding="UTF-8"?>
<testng-results skipped="0" failed="0" ignored="5" total="6" passed="1">
  <reporter-output>
  </reporter-output>
  <suite name="API Test Automation" duration-ms="8926" started-at="2022-06-27T21:12:34 IST" finished-at="2022-06-27T21:12:43 IST">
    <groups>
    </groups>
    <test name="Test" duration-ms="8926" started-at="2022-06-27T21:12:34 IST" finished-at="2022-06-27T21:12:43 IST">
      <class name="com.trello.API.testcases.RestAssuredAPITestcases">
        <test-method status="PASS" signature="updateCardTest()[pri:0, instance:com.trello.API.testcases.RestAssuredAPITestcases@cb0ed20]" name="updateCardTest" duration-ms="8895" started-at="2022-06-27T21:12:34 IST" finished-at="2022-06-27T21:12:43 IST">
          <reporter-output>
          </reporter-output>
        </test-method> <!-- updateCardTest -->
      </class> <!-- com.trello.API.testcases.RestAssuredAPITestcases -->
    </test> <!-- Test -->
  </suite> <!-- API Test Automation -->
</testng-results>
