<?xml version="1.0" encoding="UTF-8"?>
<!-- Generated by org.testng.reporters.JUnitXMLReporter -->
<testsuite hostname="Ningappas-MBP.bbrouter" ignored="6" name="Test" tests="1" failures="0" timestamp="2022-06-27T14:37:41 IST" time="37.056" errors="0">
  <testcase name="createBoardTest" time="6.99" classname="com.trello.selenium.testcases.SeleniumUIAutomationTestcases"/>
  <testcase name="createListTest" time="0.0" classname="com.trello.selenium.testcases.SeleniumUIAutomationTestcases">
    <ignored/>
  </testcase> <!-- createListTest -->
  <testcase name="addCardActions" time="0.0" classname="com.trello.selenium.testcases.SeleniumUIAutomationTestcases">
    <ignored/>
  </testcase> <!-- addCardActions -->
  <testcase name="moveSingleCardTest" time="0.0" classname="com.trello.selenium.testcases.SeleniumUIAutomationTestcases">
    <ignored/>
  </testcase> <!-- moveSingleCardTest -->
  <testcase name="archiveListTest" time="0.0" classname="com.trello.selenium.testcases.SeleniumUIAutomationTestcases">
    <ignored/>
  </testcase> <!-- archiveListTest -->
  <testcase name="moveAllCardsBetweenListTest" time="0.0" classname="com.trello.selenium.testcases.SeleniumUIAutomationTestcases">
    <ignored/>
  </testcase> <!-- moveAllCardsBetweenListTest -->
  <testcase name="addCardTest" time="0.0" classname="com.trello.selenium.testcases.SeleniumUIAutomationTestcases">
    <ignored/>
  </testcase> <!-- addCardTest -->
</testsuite> <!-- Test -->
