<?xml version="1.0" encoding="UTF-8"?>
<!-- Generated by org.testng.reporters.JUnitXMLReporter -->
<testsuite hostname="Ningappas-MBP.bbrouter" ignored="0" name="Default test" tests="5" failures="0" timestamp="2022-06-27T15:06:32 IST" time="32.681" errors="0">
  <testcase name="EndtoEndTest" time="11.862" classname="com.trello.API.testcases.RestAssuredAPITestcases"/>
  <testcase name="archiveAllCardsTest" time="8.555" classname="com.trello.API.testcases.RestAssuredAPITestcases"/>
  <testcase name="createCardTest" time="8.058" classname="com.trello.API.testcases.RestAssuredAPITestcases"/>
  <testcase name="createNewBoardTest" time="3.196" classname="com.trello.API.testcases.RestAssuredAPITestcases"/>
  <testcase name="getAllBoardsTest" time="0.951" classname="com.trello.API.testcases.RestAssuredAPITestcases"/>
</testsuite> <!-- Default test -->
