<?xml version="1.0" encoding="UTF-8"?>
<!-- Generated by org.testng.reporters.JUnitXMLReporter -->
<testsuite hostname="Ningappas-MBP.bbrouter" ignored="5" name="Test" tests="1" failures="0" timestamp="2022-06-27T21:12:43 IST" time="8.926" errors="0">
  <testcase name="updateCardTest" time="8.895" classname="com.trello.API.testcases.RestAssuredAPITestcases"/>
  <testcase name="EndtoEndTest" time="0.0" classname="com.trello.API.testcases.RestAssuredAPITestcases">
    <ignored/>
  </testcase> <!-- EndtoEndTest -->
  <testcase name="archiveAllCardsTest" time="0.0" classname="com.trello.API.testcases.RestAssuredAPITestcases">
    <ignored/>
  </testcase> <!-- archiveAllCardsTest -->
  <testcase name="createNewBoardTest" time="0.0" classname="com.trello.API.testcases.RestAssuredAPITestcases">
    <ignored/>
  </testcase> <!-- createNewBoardTest -->
  <testcase name="getAllBoardsTest" time="0.0" classname="com.trello.API.testcases.RestAssuredAPITestcases">
    <ignored/>
  </testcase> <!-- getAllBoardsTest -->
  <testcase name="createCardTest" time="0.0" classname="com.trello.API.testcases.RestAssuredAPITestcases">
    <ignored/>
  </testcase> <!-- createCardTest -->
</testsuite> <!-- Test -->
